### 08.03.2018 11:45:33
Array
(
    [title] => Главная страница - страница обо мне
    [body] => <center><h1>Информация обо мне</h1></center>
Краткая биография обо мне
Родился в 1985 году в городе Москва. Закончил в 2008 году МАИ.
На данный момент работаю ведущим инженером в крупной авиакомпании.
Поскольку я люблю авиацию, то хотел бы поделиться несколькими интересными 
фотографиями на эту тему
<br><br>
Тут можете поместить картинку 
<br><br>
<font style='color:green'>Этот текст зеленый</font>
<br><br>
<b>Просто пример жирного текста</b>
<br><br>
<center>
	{{FOOTER}}
</center>
    [footer] => 2018
)



### 08.03.2018 11:45:33
Array
(
    [title] => Главная страница - страница обо мне
    [body] => <center><h1>Информация обо мне</h1></center>
Краткая биография обо мне
Родился в 1985 году в городе Москва. Закончил в 2008 году МАИ.
На данный момент работаю ведущим инженером в крупной авиакомпании.
Поскольку я люблю авиацию, то хотел бы поделиться несколькими интересными 
фотографиями на эту тему
<br><br>
Тут можете поместить картинку 
<br><br>
<font style='color:green'>Этот текст зеленый</font>
<br><br>
<b>Просто пример жирного текста</b>
<br><br>
<center>
	{{FOOTER}}
</center>
    [footer] => 2018
)



### 08.03.2018 11:46:14
Array
(
    [title] => Главная страница - страница обо мне
    [body] => <center><h1>Информация обо мне</h1></center>
Краткая биография обо мне
Родился в 1985 году в городе Москва. Закончил в 2008 году МАИ.
На данный момент работаю ведущим инженером в крупной авиакомпании.
Поскольку я люблю авиацию, то хотел бы поделиться несколькими интересными 
фотографиями на эту тему
<br><br>
Тут можете поместить картинку 
<br><br>
<font style='color:green'>Этот текст зеленый</font>
<br><br>
<b>Просто пример жирного текста</b>
<br><br>
<center>
	{{FOOTER}}
</center>
    [footer] => 2018
)



### 08.03.2018 11:46:15
Array
(
    [title] => Главная страница - страница обо мне
    [body] => <center><h1>Информация обо мне</h1></center>
Краткая биография обо мне
Родился в 1985 году в городе Москва. Закончил в 2008 году МАИ.
На данный момент работаю ведущим инженером в крупной авиакомпании.
Поскольку я люблю авиацию, то хотел бы поделиться несколькими интересными 
фотографиями на эту тему
<br><br>
Тут можете поместить картинку 
<br><br>
<font style='color:green'>Этот текст зеленый</font>
<br><br>
<b>Просто пример жирного текста</b>
<br><br>
<center>
	{{FOOTER}}
</center>
    [footer] => 2018
)



### 08.03.2018 11:46:15
Array
(
    [title] => Главная страница - страница обо мне
    [body] => <center><h1>Информация обо мне</h1></center>
Краткая биография обо мне
Родился в 1985 году в городе Москва. Закончил в 2008 году МАИ.
На данный момент работаю ведущим инженером в крупной авиакомпании.
Поскольку я люблю авиацию, то хотел бы поделиться несколькими интересными 
фотографиями на эту тему
<br><br>
Тут можете поместить картинку 
<br><br>
<font style='color:green'>Этот текст зеленый</font>
<br><br>
<b>Просто пример жирного текста</b>
<br><br>
<center>
	{{FOOTER}}
</center>
    [footer] => 2018
)



### 08.03.2018 11:46:31
Array
(
    [title] => Главная страница - страница обо мне
    [body] => <center><h1>Информация обо мне</h1></center>
Краткая биография обо мне
Родился в 1985 году в городе Москва. Закончил в 2008 году МАИ.
На данный момент работаю ведущим инженером в крупной авиакомпании.
Поскольку я люблю авиацию, то хотел бы поделиться несколькими интересными 
фотографиями на эту тему
<br><br>
Тут можете поместить картинку 
<br><br>
<font style='color:green'>Этот текст зеленый</font>
<br><br>
<b>Просто пример жирного текста</b>
<br><br>
<center>
	{{FOOTER}}
</center>
    [footer] => 2018
)



### 08.03.2018 11:46:45
Array
(
    [title] => Главная страница - страница обо мне
    [body] => <center><h1>Информация обо мне</h1></center>
Краткая биография обо мне
Родился в 1985 году в городе Москва. Закончил в 2008 году МАИ.
На данный момент работаю ведущим инженером в крупной авиакомпании.
Поскольку я люблю авиацию, то хотел бы поделиться несколькими интересными 
фотографиями на эту тему
<br><br>
Тут можете поместить картинку 
<br><br>
<font style='color:green'>Этот текст зеленый</font>
<br><br>
<b>Просто пример жирного текста</b>
<br><br>
<center>
	{{FOOTER}}
</center>
    [footer] => 2018
)



### 08.03.2018 11:46:46
Array
(
    [title] => Главная страница - страница обо мне
    [body] => <center><h1>Информация обо мне</h1></center>
Краткая биография обо мне
Родился в 1985 году в городе Москва. Закончил в 2008 году МАИ.
На данный момент работаю ведущим инженером в крупной авиакомпании.
Поскольку я люблю авиацию, то хотел бы поделиться несколькими интересными 
фотографиями на эту тему
<br><br>
Тут можете поместить картинку 
<br><br>
<font style='color:green'>Этот текст зеленый</font>
<br><br>
<b>Просто пример жирного текста</b>
<br><br>
<center>
	{{FOOTER}}
</center>
    [footer] => 2018
)



### 08.03.2018 11:52:08
Array
(
    [title] => Урок 4Главная страница - страница обо мне
    [body] => <center><h1>Информация обо мне</h1></center>
Краткая биография обо мне
Родился в 1985 году в городе Москва. Закончил в 2008 году МАИ.
На данный момент работаю ведущим инженером в крупной авиакомпании.
Поскольку я люблю авиацию, то хотел бы поделиться несколькими интересными 
фотографиями на эту тему
<br><br>
Тут можете поместить картинку 
<br><br>
<font style='color:green'>Этот текст зеленый</font>
<br><br>
<b>Просто пример жирного текста</b>
<br><br>
<center>
	{{FOOTER}}
</center>
    [footer] => 2018
)



### 08.03.2018 11:52:11
Array
(
    [title] => Урок 4 Главная страница - страница обо мне
    [body] => <center><h1>Информация обо мне</h1></center>
Краткая биография обо мне
Родился в 1985 году в городе Москва. Закончил в 2008 году МАИ.
На данный момент работаю ведущим инженером в крупной авиакомпании.
Поскольку я люблю авиацию, то хотел бы поделиться несколькими интересными 
фотографиями на эту тему
<br><br>
Тут можете поместить картинку 
<br><br>
<font style='color:green'>Этот текст зеленый</font>
<br><br>
<b>Просто пример жирного текста</b>
<br><br>
<center>
	{{FOOTER}}
</center>
    [footer] => 2018
)



### 08.03.2018 11:55:27
Array
(
    [title] => Урок 4 Главная страница - страница обо мне
    [footer] => 2018
)



